[REASONER][START] Asserted triples: [
  {
    "subject": {
      "type": "IRI",
      "value": "a"
    },
    "predicate": {
      "type": "IRI",
      "value": "b"
    },
    "object": {
      "type": "Literal",
      "value": "1"
    }
  }
]
[PROVENANCE][ADD] {
  "subject": {
    "type": "IRI",
    "value": "a"
  },
  "predicate": {
    "type": "IRI",
    "value": "b"
  },
  "object": {
    "type": "Literal",
    "value": "1"
  },
  "_id": 1,
  "_provenance": "asserted"
} asserted
[REASONER][ASSERTED][CANONICAL] [
  {
    "subject": {
      "type": "IRI",
      "value": "a"
    },
    "predicate": {
      "type": "IRI",
      "value": "b"
    },
    "object": {
      "type": "Literal",
      "value": "1"
    },
    "_id": 1,
    "_provenance": "asserted"
  }
]
[PROVENANCE][ADD] {
  "subject": "a",
  "predicate": "b",
  "object": "\"1\"",
  "_id": 2,
  "_provenance": "inferred"
} inferred
[REASONER][INFERRED][RAW] [
  "a b \"1\""
]
[REASONER][INFERRED][CANONICAL] [
  {
    "subject": "a",
    "predicate": "b",
    "object": "\"1\"",
    "_id": 2,
    "_provenance": "inferred"
  }
]
[REASONER][TRIPLE][ADD][ASSERTED] {
  "subject": {
    "type": "IRI",
    "value": "a"
  },
  "predicate": {
    "type": "IRI",
    "value": "b"
  },
  "object": {
    "type": "Literal",
    "value": "1"
  },
  "_id": 1,
  "_provenance": "asserted"
}
[REASONER][TRIPLE][ADD][INFERRED] {
  "subject": "a",
  "predicate": "b",
  "object": "\"1\"",
  "_id": 2,
  "_provenance": "inferred"
}
[REASONER][ALL][TRIPLES][PRE-FILTER] [
  {
    "subject": {
      "type": "IRI",
      "value": "a"
    },
    "predicate": {
      "type": "IRI",
      "value": "b"
    },
    "object": {
      "type": "Literal",
      "value": "1"
    },
    "_id": 1,
    "_provenance": "asserted"
  },
  {
    "subject": "a",
    "predicate": "b",
    "object": "\"1\"",
    "_id": 2,
    "_provenance": "inferred"
  }
]
[REASONER][ALL][TRIPLES][POST-FILTER] [
  {
    "subject": {
      "type": "IRI",
      "value": "a"
    },
    "predicate": {
      "type": "IRI",
      "value": "b"
    },
    "object": {
      "type": "Literal",
      "value": "1"
    },
    "_id": 1,
    "_provenance": "asserted"
  },
  {
    "subject": "a",
    "predicate": "b",
    "object": "\"1\"",
    "_id": 2,
    "_provenance": "inferred"
  }
]
[REASONER][ALL][TRIPLES][N3] [
  "<a> <b> \"1\" ."
]
[REASONER][START] Asserted triples: [
  {
    "subject": {
      "type": "IRI",
      "value": "a"
    },
    "predicate": {
      "type": "IRI",
      "value": "b"
    },
    "object": {
      "type": "Literal",
      "value": "foo"
    }
  },
  {
    "subject": {
      "type": "IRI",
      "value": "a"
    },
    "predicate": {
      "type": "IRI",
      "value": "b"
    },
    "object": {
      "type": "Literal",
      "value": "bar"
    }
  }
]
[PROVENANCE][ADD] {
  "subject": {
    "type": "IRI",
    "value": "a"
  },
  "predicate": {
    "type": "IRI",
    "value": "b"
  },
  "object": {
    "type": "Literal",
    "value": "foo"
  },
  "_id": 1,
  "_provenance": "asserted"
} asserted
[PROVENANCE][ADD] {
  "subject": {
    "type": "IRI",
    "value": "a"
  },
  "predicate": {
    "type": "IRI",
    "value": "b"
  },
  "object": {
    "type": "Literal",
    "value": "bar"
  },
  "_id": 2,
  "_provenance": "asserted"
} asserted
[REASONER][ASSERTED][CANONICAL] [
  {
    "subject": {
      "type": "IRI",
      "value": "a"
    },
    "predicate": {
      "type": "IRI",
      "value": "b"
    },
    "object": {
      "type": "Literal",
      "value": "foo"
    },
    "_id": 1,
    "_provenance": "asserted"
  },
  {
    "subject": {
      "type": "IRI",
      "value": "a"
    },
    "predicate": {
      "type": "IRI",
      "value": "b"
    },
    "object": {
      "type": "Literal",
      "value": "bar"
    },
    "_id": 2,
    "_provenance": "asserted"
  }
]
[PROVENANCE][ADD] {
  "subject": "a",
  "predicate": "b",
  "object": "\"foo\"",
  "_id": 3,
  "_provenance": "inferred"
} inferred
[PROVENANCE][ADD] {
  "subject": "a",
  "predicate": "b",
  "object": "\"bar\"",
  "_id": 4,
  "_provenance": "inferred"
} inferred
[REASONER][INFERRED][RAW] [
  "a b \"foo\"",
  "a b \"bar\""
]
[REASONER][INFERRED][CANONICAL] [
  {
    "subject": "a",
    "predicate": "b",
    "object": "\"foo\"",
    "_id": 3,
    "_provenance": "inferred"
  },
  {
    "subject": "a",
    "predicate": "b",
    "object": "\"bar\"",
    "_id": 4,
    "_provenance": "inferred"
  }
]
[REASONER][TRIPLE][ADD][ASSERTED] {
  "subject": {
    "type": "IRI",
    "value": "a"
  },
  "predicate": {
    "type": "IRI",
    "value": "b"
  },
  "object": {
    "type": "Literal",
    "value": "foo"
  },
  "_id": 1,
  "_provenance": "asserted"
}
[REASONER][TRIPLE][ADD][ASSERTED] {
  "subject": {
    "type": "IRI",
    "value": "a"
  },
  "predicate": {
    "type": "IRI",
    "value": "b"
  },
  "object": {
    "type": "Literal",
    "value": "bar"
  },
  "_id": 2,
  "_provenance": "asserted"
}
[REASONER][TRIPLE][ADD][INFERRED] {
  "subject": "a",
  "predicate": "b",
  "object": "\"foo\"",
  "_id": 3,
  "_provenance": "inferred"
}
[REASONER][TRIPLE][ADD][INFERRED] {
  "subject": "a",
  "predicate": "b",
  "object": "\"bar\"",
  "_id": 4,
  "_provenance": "inferred"
}
[REASONER][ALL][TRIPLES][PRE-FILTER] [
  {
    "subject": {
      "type": "IRI",
      "value": "a"
    },
    "predicate": {
      "type": "IRI",
      "value": "b"
    },
    "object": {
      "type": "Literal",
      "value": "foo"
    },
    "_id": 1,
    "_provenance": "asserted"
  },
  {
    "subject": {
      "type": "IRI",
      "value": "a"
    },
    "predicate": {
      "type": "IRI",
      "value": "b"
    },
    "object": {
      "type": "Literal",
      "value": "bar"
    },
    "_id": 2,
    "_provenance": "asserted"
  },
  {
    "subject": "a",
    "predicate": "b",
    "object": "\"foo\"",
    "_id": 3,
    "_provenance": "inferred"
  },
  {
    "subject": "a",
    "predicate": "b",
    "object": "\"bar\"",
    "_id": 4,
    "_provenance": "inferred"
  }
]
[REASONER][ALL][TRIPLES][POST-FILTER] [
  {
    "subject": {
      "type": "IRI",
      "value": "a"
    },
    "predicate": {
      "type": "IRI",
      "value": "b"
    },
    "object": {
      "type": "Literal",
      "value": "foo"
    },
    "_id": 1,
    "_provenance": "asserted"
  },
  {
    "subject": {
      "type": "IRI",
      "value": "a"
    },
    "predicate": {
      "type": "IRI",
      "value": "b"
    },
    "object": {
      "type": "Literal",
      "value": "bar"
    },
    "_id": 2,
    "_provenance": "asserted"
  },
  {
    "subject": "a",
    "predicate": "b",
    "object": "\"foo\"",
    "_id": 3,
    "_provenance": "inferred"
  },
  {
    "subject": "a",
    "predicate": "b",
    "object": "\"bar\"",
    "_id": 4,
    "_provenance": "inferred"
  }
]
[REASONER][ALL][TRIPLES][N3] [
  "<a> <b> \"foo\" .",
  "<a> <b> \"bar\" ."
]
[REASONER][START] Asserted triples: [
  {
    "subject": {
      "type": "IRI",
      "value": "a"
    },
    "predicate": {
      "type": "IRI",
      "value": "b"
    },
    "object": {
      "type": "Literal",
      "value": "1"
    }
  }
]
[PROVENANCE][ADD] {
  "subject": {
    "type": "IRI",
    "value": "a"
  },
  "predicate": {
    "type": "IRI",
    "value": "b"
  },
  "object": {
    "type": "Literal",
    "value": "1"
  },
  "_id": 1,
  "_provenance": "asserted"
} asserted
[REASONER][ASSERTED][CANONICAL] [
  {
    "subject": {
      "type": "IRI",
      "value": "a"
    },
    "predicate": {
      "type": "IRI",
      "value": "b"
    },
    "object": {
      "type": "Literal",
      "value": "1"
    },
    "_id": 1,
    "_provenance": "asserted"
  }
]
[PROVENANCE][ADD] {
  "subject": "a",
  "predicate": "b",
  "object": "\"1\"",
  "_id": 2,
  "_provenance": "inferred"
} inferred
[REASONER][INFERRED][RAW] [
  "a b \"1\""
]
[REASONER][INFERRED][CANONICAL] [
  {
    "subject": "a",
    "predicate": "b",
    "object": "\"1\"",
    "_id": 2,
    "_provenance": "inferred"
  }
]
[REASONER][TRIPLE][ADD][ASSERTED] {
  "subject": {
    "type": "IRI",
    "value": "a"
  },
  "predicate": {
    "type": "IRI",
    "value": "b"
  },
  "object": {
    "type": "Literal",
    "value": "1"
  },
  "_id": 1,
  "_provenance": "asserted"
}
[REASONER][TRIPLE][ADD][INFERRED] {
  "subject": "a",
  "predicate": "b",
  "object": "\"1\"",
  "_id": 2,
  "_provenance": "inferred"
}
[REASONER][ALL][TRIPLES][PRE-FILTER] [
  {
    "subject": {
      "type": "IRI",
      "value": "a"
    },
    "predicate": {
      "type": "IRI",
      "value": "b"
    },
    "object": {
      "type": "Literal",
      "value": "1"
    },
    "_id": 1,
    "_provenance": "asserted"
  },
  {
    "subject": "a",
    "predicate": "b",
    "object": "\"1\"",
    "_id": 2,
    "_provenance": "inferred"
  }
]
[REASONER][ALL][TRIPLES][POST-FILTER] [
  {
    "subject": {
      "type": "IRI",
      "value": "a"
    },
    "predicate": {
      "type": "IRI",
      "value": "b"
    },
    "object": {
      "type": "Literal",
      "value": "1"
    },
    "_id": 1,
    "_provenance": "asserted"
  },
  {
    "subject": "a",
    "predicate": "b",
    "object": "\"1\"",
    "_id": 2,
    "_provenance": "inferred"
  }
]
[REASONER][ALL][TRIPLES][N3] [
  "<a> <b> \"1\" ."
]
